[ 2017-06-20T10:19:41+08:00 ] 127.0.0.1 /index.php?m=App&c=Index&a=index&uid=1
INFO: [ app_init ] --START--
INFO: Run Behavior\BuildLiteBehavior [ RunTime:0.000000s ]
INFO: [ app_init ] --END-- [ RunTime:0.001000s ]
SQL: SHOW COLUMNS FROM `wemall_info` [ RunTime:0.0210s ]
SQL: SELECT * FROM `wemall_info` LIMIT 1   [ RunTime:0.0000s ]
INFO: [ app_begin ] --START--
INFO: Run Behavior\ReadHtmlCacheBehavior [ RunTime:0.001000s ]
INFO: [ app_begin ] --END-- [ RunTime:0.001000s ]
SQL: SELECT * FROM `wemall_info` LIMIT 1   [ RunTime:0.0000s ]
SQL: SHOW COLUMNS FROM `wemall_menu` [ RunTime:0.0020s ]
SQL: SELECT * FROM `wemall_menu`  [ RunTime:0.0000s ]
SQL: SHOW COLUMNS FROM `wemall_good` [ RunTime:0.0130s ]
SQL: SELECT * FROM `wemall_good`  [ RunTime:0.0010s ]
SQL: SHOW COLUMNS FROM `wemall_user` [ RunTime:0.0020s ]
SQL: SELECT * FROM `wemall_user` WHERE `uid` = '1' LIMIT 1   [ RunTime:0.0000s ]
SQL: SHOW COLUMNS FROM `wemall_alipay` [ RunTime:0.0140s ]
SQL: SELECT * FROM `wemall_alipay` LIMIT 1   [ RunTime:0.0010s ]
INFO: [ view_parse ] --START--
INFO: [ template_filter ] --START--
INFO: Run Behavior\ContentReplaceBehavior [ RunTime:0.000000s ]
INFO: [ template_filter ] --END-- [ RunTime:0.000000s ]
INFO: Run Behavior\ParseTemplateBehavior [ RunTime:0.029002s ]
INFO: [ view_parse ] --END-- [ RunTime:0.029002s ]
INFO: [ view_filter ] --START--
INFO: Run Behavior\WriteHtmlCacheBehavior [ RunTime:0.000000s ]
INFO: [ view_filter ] --END-- [ RunTime:0.000000s ]
INFO: [ app_end ] --START--
INFO: Run Behavior\ShowPageTraceBehavior [ RunTime:0.001000s ]
INFO: [ app_end ] --END-- [ RunTime:0.001000s ]

[ 2017-06-20T16:05:09+08:00 ] 127.0.0.1 /index.php?m=App&c=Index&a=index&uid=1
INFO: [ app_init ] --START--
INFO: Run Behavior\BuildLiteBehavior [ RunTime:0.000000s ]
INFO: [ app_init ] --END-- [ RunTime:0.000000s ]
SQL: SHOW COLUMNS FROM `wemall_info` [ RunTime:0.0030s ]
SQL: SELECT * FROM `wemall_info` LIMIT 1   [ RunTime:0.0000s ]
INFO: [ app_begin ] --START--
INFO: Run Behavior\ReadHtmlCacheBehavior [ RunTime:0.001000s ]
INFO: [ app_begin ] --END-- [ RunTime:0.001000s ]
SQL: SELECT * FROM `wemall_info` LIMIT 1   [ RunTime:0.0000s ]
SQL: SHOW COLUMNS FROM `wemall_menu` [ RunTime:0.0030s ]
SQL: SELECT * FROM `wemall_menu`  [ RunTime:0.0000s ]
SQL: SHOW COLUMNS FROM `wemall_good` [ RunTime:0.0030s ]
SQL: SELECT * FROM `wemall_good`  [ RunTime:0.0000s ]
SQL: SHOW COLUMNS FROM `wemall_user` [ RunTime:0.0020s ]
SQL: SELECT * FROM `wemall_user` WHERE `uid` = '1' LIMIT 1   [ RunTime:0.0010s ]
SQL: SHOW COLUMNS FROM `wemall_alipay` [ RunTime:0.0020s ]
SQL: SELECT * FROM `wemall_alipay` LIMIT 1   [ RunTime:0.0000s ]
INFO: [ view_parse ] --START--
INFO: [ template_filter ] --START--
INFO: Run Behavior\ContentReplaceBehavior [ RunTime:0.000000s ]
INFO: [ template_filter ] --END-- [ RunTime:0.000000s ]
INFO: Run Behavior\ParseTemplateBehavior [ RunTime:0.011001s ]
INFO: [ view_parse ] --END-- [ RunTime:0.011001s ]
INFO: [ view_filter ] --START--
INFO: Run Behavior\WriteHtmlCacheBehavior [ RunTime:0.000000s ]
INFO: [ view_filter ] --END-- [ RunTime:0.000000s ]
INFO: [ app_end ] --START--
INFO: Run Behavior\ShowPageTraceBehavior [ RunTime:0.000000s ]
INFO: [ app_end ] --END-- [ RunTime:0.000000s ]

